20:16:43.585 Calculating Drop Costs for unit: Archer
20:16:43.586 unit has cost modifier of: 1
20:16:43.586 value based cost: 40424
20:16:43.586 Total Drop cost: 40424
20:16:43.602 Calculating Drop Costs for unit: Archer
20:16:43.602 unit has cost modifier of: 1
20:16:43.602 value based cost: 40424
20:16:43.602 Total Drop cost: 40424
20:16:43.638 Calculating Drop Costs for unit: Archer
20:16:43.638 unit has cost modifier of: 1
20:16:43.638 value based cost: 40424
20:16:43.638 Total Drop cost: 40424
20:16:43.638 Calculating Drop Costs for unit: Marauder
20:16:43.639 unit has cost modifier of: 1
20:16:43.639 value based cost: 41779
20:16:43.639 Total Drop cost: 41779
20:16:43.653 Calculating Drop Costs for unit: Archer
20:16:43.653 unit has cost modifier of: 1
20:16:43.653 value based cost: 40424
20:16:43.653 Total Drop cost: 40424
20:16:43.653 Calculating Drop Costs for unit: Marauder
20:16:43.653 unit has cost modifier of: 1
20:16:43.653 value based cost: 41779
20:16:43.653 Total Drop cost: 41779
20:16:43.686 Calculating Drop Costs for unit: Archer
20:16:43.686 unit has cost modifier of: 1
20:16:43.686 value based cost: 40424
20:16:43.686 Total Drop cost: 40424
20:16:43.686 Calculating Drop Costs for unit: Marauder
20:16:43.686 unit has cost modifier of: 1
20:16:43.686 value based cost: 41779
20:16:43.686 Total Drop cost: 41779
20:16:43.686 Calculating Drop Costs for unit: Rifleman
20:16:43.686 unit has cost modifier of: 1
20:16:43.686 value based cost: 31004
20:16:43.686 Total Drop cost: 31004
20:16:43.699 Calculating Drop Costs for unit: Archer
20:16:43.699 unit has cost modifier of: 1
20:16:43.699 value based cost: 40424
20:16:43.699 Total Drop cost: 40424
20:16:43.699 Calculating Drop Costs for unit: Marauder
20:16:43.699 unit has cost modifier of: 1
20:16:43.699 value based cost: 41779
20:16:43.699 Total Drop cost: 41779
20:16:43.699 Calculating Drop Costs for unit: Rifleman
20:16:43.699 unit has cost modifier of: 1
20:16:43.699 value based cost: 31004
20:16:43.699 Total Drop cost: 31004
20:16:43.733 Calculating Drop Costs for unit: Archer
20:16:43.733 unit has cost modifier of: 1
20:16:43.733 value based cost: 40424
20:16:43.733 Total Drop cost: 40424
20:16:43.733 Calculating Drop Costs for unit: Marauder
20:16:43.733 unit has cost modifier of: 1
20:16:43.733 value based cost: 41779
20:16:43.733 Total Drop cost: 41779
20:16:43.733 Calculating Drop Costs for unit: Rifleman
20:16:43.733 unit has cost modifier of: 1
20:16:43.733 value based cost: 31004
20:16:43.733 Total Drop cost: 31004
20:16:43.733 Calculating Drop Costs for unit: JagerMech
20:16:43.733 unit has cost modifier of: 1
20:16:43.733 value based cost: 34524
20:16:43.733 Total Drop cost: 34524
20:16:43.746 Calculating Drop Costs for unit: Archer
20:16:43.746 unit has cost modifier of: 1
20:16:43.746 value based cost: 40424
20:16:43.746 Total Drop cost: 40424
20:16:43.746 Calculating Drop Costs for unit: Marauder
20:16:43.746 unit has cost modifier of: 1
20:16:43.746 value based cost: 41779
20:16:43.746 Total Drop cost: 41779
20:16:43.746 Calculating Drop Costs for unit: Rifleman
20:16:43.746 unit has cost modifier of: 1
20:16:43.746 value based cost: 31004
20:16:43.747 Total Drop cost: 31004
20:16:43.747 Calculating Drop Costs for unit: JagerMech
20:16:43.747 unit has cost modifier of: 1
20:16:43.747 value based cost: 34524
20:16:43.747 Total Drop cost: 34524
20:16:43.791 Calculating Drop Costs for unit: Archer
20:16:43.791 unit has cost modifier of: 1
20:16:43.791 value based cost: 40424
20:16:43.791 Total Drop cost: 40424
20:16:43.791 Calculating Drop Costs for unit: Marauder
20:16:43.791 unit has cost modifier of: 1
20:16:43.791 value based cost: 41779
20:16:43.791 Total Drop cost: 41779
20:16:43.791 Calculating Drop Costs for unit: Rifleman
20:16:43.791 unit has cost modifier of: 1
20:16:43.791 value based cost: 31004
20:16:43.791 Total Drop cost: 31004
20:16:43.791 Calculating Drop Costs for unit: JagerMech
20:16:43.791 unit has cost modifier of: 1
20:16:43.791 value based cost: 34524
20:16:43.791 Total Drop cost: 34524
20:16:43.791 Calculating Drop Costs for unit: Wolverine
20:16:43.791 unit has cost modifier of: 1
20:16:43.791 value based cost: 29077
20:16:43.791 Total Drop cost: 29077
20:16:43.815 Calculating Drop Costs for unit: Archer
20:16:43.815 unit has cost modifier of: 1
20:16:43.815 value based cost: 40424
20:16:43.815 Total Drop cost: 40424
20:16:43.815 Calculating Drop Costs for unit: Marauder
20:16:43.815 unit has cost modifier of: 1
20:16:43.815 value based cost: 41779
20:16:43.815 Total Drop cost: 41779
20:16:43.815 Calculating Drop Costs for unit: Rifleman
20:16:43.815 unit has cost modifier of: 1
20:16:43.816 value based cost: 31004
20:16:43.816 Total Drop cost: 31004
20:16:43.816 Calculating Drop Costs for unit: JagerMech
20:16:43.816 unit has cost modifier of: 1
20:16:43.816 value based cost: 34524
20:16:43.816 Total Drop cost: 34524
20:16:43.816 Calculating Drop Costs for unit: Wolverine
20:16:43.816 unit has cost modifier of: 1
20:16:43.816 value based cost: 29077
20:16:43.816 Total Drop cost: 29077
20:16:43.858 Calculating Drop Costs for unit: Archer
20:16:43.858 unit has cost modifier of: 1
20:16:43.858 value based cost: 40424
20:16:43.858 Total Drop cost: 40424
20:16:43.858 Calculating Drop Costs for unit: Marauder
20:16:43.858 unit has cost modifier of: 1
20:16:43.858 value based cost: 41779
20:16:43.858 Total Drop cost: 41779
20:16:43.858 Calculating Drop Costs for unit: Rifleman
20:16:43.858 unit has cost modifier of: 1
20:16:43.858 value based cost: 31004
20:16:43.858 Total Drop cost: 31004
20:16:43.858 Calculating Drop Costs for unit: JagerMech
20:16:43.858 unit has cost modifier of: 1
20:16:43.858 value based cost: 34524
20:16:43.858 Total Drop cost: 34524
20:16:43.858 Calculating Drop Costs for unit: Wolverine
20:16:43.858 unit has cost modifier of: 1
20:16:43.858 value based cost: 29077
20:16:43.858 Total Drop cost: 29077
20:16:43.858 Calculating Drop Costs for unit: Shadow Hawk
20:16:43.858 unit has cost modifier of: 1
20:16:43.858 value based cost: 36049
20:16:43.858 Total Drop cost: 36049
20:16:43.882 Calculating Drop Costs for unit: Archer
20:16:43.882 unit has cost modifier of: 1
20:16:43.882 value based cost: 40424
20:16:43.882 Total Drop cost: 40424
20:16:43.882 Calculating Drop Costs for unit: Marauder
20:16:43.882 unit has cost modifier of: 1
20:16:43.882 value based cost: 41779
20:16:43.882 Total Drop cost: 41779
20:16:43.882 Calculating Drop Costs for unit: Rifleman
20:16:43.882 unit has cost modifier of: 1
20:16:43.882 value based cost: 31004
20:16:43.882 Total Drop cost: 31004
20:16:43.882 Calculating Drop Costs for unit: JagerMech
20:16:43.882 unit has cost modifier of: 1
20:16:43.882 value based cost: 34524
20:16:43.882 Total Drop cost: 34524
20:16:43.882 Calculating Drop Costs for unit: Wolverine
20:16:43.882 unit has cost modifier of: 1
20:16:43.882 value based cost: 29077
20:16:43.882 Total Drop cost: 29077
20:16:43.882 Calculating Drop Costs for unit: Shadow Hawk
20:16:43.882 unit has cost modifier of: 1
20:16:43.882 value based cost: 36049
20:16:43.882 Total Drop cost: 36049
20:16:43.926 Calculating Drop Costs for unit: Archer
20:16:43.926 unit has cost modifier of: 1
20:16:43.926 value based cost: 40424
20:16:43.926 Total Drop cost: 40424
20:16:43.926 Calculating Drop Costs for unit: Marauder
20:16:43.926 unit has cost modifier of: 1
20:16:43.926 value based cost: 41779
20:16:43.926 Total Drop cost: 41779
20:16:43.926 Calculating Drop Costs for unit: Rifleman
20:16:43.926 unit has cost modifier of: 1
20:16:43.926 value based cost: 31004
20:16:43.926 Total Drop cost: 31004
20:16:43.926 Calculating Drop Costs for unit: JagerMech
20:16:43.926 unit has cost modifier of: 1
20:16:43.926 value based cost: 34524
20:16:43.926 Total Drop cost: 34524
20:16:43.926 Calculating Drop Costs for unit: Wolverine
20:16:43.926 unit has cost modifier of: 1
20:16:43.926 value based cost: 29077
20:16:43.926 Total Drop cost: 29077
20:16:43.926 Calculating Drop Costs for unit: Shadow Hawk
20:16:43.926 unit has cost modifier of: 1
20:16:43.926 value based cost: 36049
20:16:43.926 Total Drop cost: 36049
20:16:43.926 Calculating Drop Costs for unit: Blackjack
20:16:43.926 unit has cost modifier of: 1
20:16:43.926 value based cost: 22064
20:16:43.926 Total Drop cost: 22064
20:16:43.950 Calculating Drop Costs for unit: Archer
20:16:43.950 unit has cost modifier of: 1
20:16:43.950 value based cost: 40424
20:16:43.950 Total Drop cost: 40424
20:16:43.950 Calculating Drop Costs for unit: Marauder
20:16:43.950 unit has cost modifier of: 1
20:16:43.950 value based cost: 41779
20:16:43.950 Total Drop cost: 41779
20:16:43.950 Calculating Drop Costs for unit: Rifleman
20:16:43.950 unit has cost modifier of: 1
20:16:43.950 value based cost: 31004
20:16:43.950 Total Drop cost: 31004
20:16:43.950 Calculating Drop Costs for unit: JagerMech
20:16:43.950 unit has cost modifier of: 1
20:16:43.950 value based cost: 34524
20:16:43.950 Total Drop cost: 34524
20:16:43.950 Calculating Drop Costs for unit: Wolverine
20:16:43.950 unit has cost modifier of: 1
20:16:43.950 value based cost: 29077
20:16:43.950 Total Drop cost: 29077
20:16:43.950 Calculating Drop Costs for unit: Shadow Hawk
20:16:43.950 unit has cost modifier of: 1
20:16:43.950 value based cost: 36049
20:16:43.950 Total Drop cost: 36049
20:16:43.950 Calculating Drop Costs for unit: Blackjack
20:16:43.950 unit has cost modifier of: 1
20:16:43.950 value based cost: 22064
20:16:43.950 Total Drop cost: 22064
20:16:43.984 Calculating Drop Costs for unit: Archer
20:16:43.984 unit has cost modifier of: 1
20:16:43.984 value based cost: 40424
20:16:43.984 Total Drop cost: 40424
20:16:43.984 Calculating Drop Costs for unit: Marauder
20:16:43.984 unit has cost modifier of: 1
20:16:43.984 value based cost: 41779
20:16:43.985 Total Drop cost: 41779
20:16:43.985 Calculating Drop Costs for unit: Rifleman
20:16:43.985 unit has cost modifier of: 1
20:16:43.985 value based cost: 31004
20:16:43.985 Total Drop cost: 31004
20:16:43.985 Calculating Drop Costs for unit: JagerMech
20:16:43.985 unit has cost modifier of: 1
20:16:43.985 value based cost: 34524
20:16:43.985 Total Drop cost: 34524
20:16:43.985 Calculating Drop Costs for unit: Wolverine
20:16:43.985 unit has cost modifier of: 1
20:16:43.985 value based cost: 29077
20:16:43.985 Total Drop cost: 29077
20:16:43.985 Calculating Drop Costs for unit: Shadow Hawk
20:16:43.985 unit has cost modifier of: 1
20:16:43.985 value based cost: 36049
20:16:43.985 Total Drop cost: 36049
20:16:43.985 Calculating Drop Costs for unit: Blackjack
20:16:43.985 unit has cost modifier of: 1
20:16:43.985 value based cost: 22064
20:16:43.985 Total Drop cost: 22064
20:16:43.988 Calculating Drop Costs for unit: Archer
20:16:43.988 unit has cost modifier of: 1
20:16:43.988 value based cost: 40424
20:16:43.988 Total Drop cost: 40424
20:16:43.988 Calculating Drop Costs for unit: Marauder
20:16:43.988 unit has cost modifier of: 1
20:16:43.988 value based cost: 41779
20:16:43.988 Total Drop cost: 41779
20:16:43.988 Calculating Drop Costs for unit: Rifleman
20:16:43.988 unit has cost modifier of: 1
20:16:43.988 value based cost: 31004
20:16:43.988 Total Drop cost: 31004
20:16:43.988 Calculating Drop Costs for unit: JagerMech
20:16:43.988 unit has cost modifier of: 1
20:16:43.988 value based cost: 34524
20:16:43.988 Total Drop cost: 34524
20:16:43.988 Calculating Drop Costs for unit: Wolverine
20:16:43.988 unit has cost modifier of: 1
20:16:43.988 value based cost: 29077
20:16:43.988 Total Drop cost: 29077
20:16:43.988 Calculating Drop Costs for unit: Shadow Hawk
20:16:43.988 unit has cost modifier of: 1
20:16:43.988 value based cost: 36049
20:16:43.988 Total Drop cost: 36049
20:16:43.988 Calculating Drop Costs for unit: Blackjack
20:16:43.988 unit has cost modifier of: 1
20:16:43.988 value based cost: 22064
20:16:43.988 Total Drop cost: 22064
20:17:04.160 Calculating Drop Costs for unit: Archer
20:17:04.160 unit has cost modifier of: 1
20:17:04.160 value based cost: 40424
20:17:04.160 Total Drop cost: 40424
20:17:04.189 Calculating Drop Costs for unit: Archer
20:17:04.189 unit has cost modifier of: 1
20:17:04.189 value based cost: 40424
20:17:04.189 Total Drop cost: 40424
20:17:04.248 Calculating Drop Costs for unit: Archer
20:17:04.248 unit has cost modifier of: 1
20:17:04.248 value based cost: 40424
20:17:04.248 Total Drop cost: 40424
20:17:04.248 Calculating Drop Costs for unit: Marauder
20:17:04.248 unit has cost modifier of: 1
20:17:04.248 value based cost: 41779
20:17:04.249 Total Drop cost: 41779
20:17:04.277 Calculating Drop Costs for unit: Archer
20:17:04.278 unit has cost modifier of: 1
20:17:04.278 value based cost: 40424
20:17:04.278 Total Drop cost: 40424
20:17:04.278 Calculating Drop Costs for unit: Marauder
20:17:04.278 unit has cost modifier of: 1
20:17:04.278 value based cost: 41779
20:17:04.278 Total Drop cost: 41779
20:17:04.332 Calculating Drop Costs for unit: Archer
20:17:04.332 unit has cost modifier of: 1
20:17:04.333 value based cost: 40424
20:17:04.333 Total Drop cost: 40424
20:17:04.333 Calculating Drop Costs for unit: Marauder
20:17:04.333 unit has cost modifier of: 1
20:17:04.333 value based cost: 41779
20:17:04.333 Total Drop cost: 41779
20:17:04.333 Calculating Drop Costs for unit: Rifleman
20:17:04.333 unit has cost modifier of: 1
20:17:04.333 value based cost: 31004
20:17:04.333 Total Drop cost: 31004
20:17:04.361 Calculating Drop Costs for unit: Archer
20:17:04.361 unit has cost modifier of: 1
20:17:04.361 value based cost: 40424
20:17:04.361 Total Drop cost: 40424
20:17:04.361 Calculating Drop Costs for unit: Marauder
20:17:04.361 unit has cost modifier of: 1
20:17:04.361 value based cost: 41779
20:17:04.361 Total Drop cost: 41779
20:17:04.361 Calculating Drop Costs for unit: Rifleman
20:17:04.361 unit has cost modifier of: 1
20:17:04.361 value based cost: 31004
20:17:04.362 Total Drop cost: 31004
20:17:04.417 Calculating Drop Costs for unit: Archer
20:17:04.417 unit has cost modifier of: 1
20:17:04.417 value based cost: 40424
20:17:04.417 Total Drop cost: 40424
20:17:04.417 Calculating Drop Costs for unit: Marauder
20:17:04.417 unit has cost modifier of: 1
20:17:04.417 value based cost: 41779
20:17:04.417 Total Drop cost: 41779
20:17:04.417 Calculating Drop Costs for unit: Rifleman
20:17:04.417 unit has cost modifier of: 1
20:17:04.417 value based cost: 31004
20:17:04.417 Total Drop cost: 31004
20:17:04.417 Calculating Drop Costs for unit: JagerMech
20:17:04.417 unit has cost modifier of: 1
20:17:04.417 value based cost: 34524
20:17:04.417 Total Drop cost: 34524
20:17:04.446 Calculating Drop Costs for unit: Archer
20:17:04.446 unit has cost modifier of: 1
20:17:04.446 value based cost: 40424
20:17:04.446 Total Drop cost: 40424
20:17:04.446 Calculating Drop Costs for unit: Marauder
20:17:04.446 unit has cost modifier of: 1
20:17:04.446 value based cost: 41779
20:17:04.446 Total Drop cost: 41779
20:17:04.446 Calculating Drop Costs for unit: Rifleman
20:17:04.446 unit has cost modifier of: 1
20:17:04.446 value based cost: 31004
20:17:04.446 Total Drop cost: 31004
20:17:04.446 Calculating Drop Costs for unit: JagerMech
20:17:04.446 unit has cost modifier of: 1
20:17:04.446 value based cost: 34524
20:17:04.446 Total Drop cost: 34524
20:17:04.516 Calculating Drop Costs for unit: Archer
20:17:04.516 unit has cost modifier of: 1
20:17:04.516 value based cost: 40424
20:17:04.516 Total Drop cost: 40424
20:17:04.516 Calculating Drop Costs for unit: Marauder
20:17:04.516 unit has cost modifier of: 1
20:17:04.516 value based cost: 41779
20:17:04.516 Total Drop cost: 41779
20:17:04.516 Calculating Drop Costs for unit: Rifleman
20:17:04.516 unit has cost modifier of: 1
20:17:04.516 value based cost: 31004
20:17:04.516 Total Drop cost: 31004
20:17:04.516 Calculating Drop Costs for unit: JagerMech
20:17:04.516 unit has cost modifier of: 1
20:17:04.516 value based cost: 34524
20:17:04.516 Total Drop cost: 34524
20:17:04.516 Calculating Drop Costs for unit: Wolverine
20:17:04.516 unit has cost modifier of: 1
20:17:04.516 value based cost: 29077
20:17:04.516 Total Drop cost: 29077
20:17:04.559 Calculating Drop Costs for unit: Archer
20:17:04.559 unit has cost modifier of: 1
20:17:04.559 value based cost: 40424
20:17:04.559 Total Drop cost: 40424
20:17:04.559 Calculating Drop Costs for unit: Marauder
20:17:04.559 unit has cost modifier of: 1
20:17:04.559 value based cost: 41779
20:17:04.559 Total Drop cost: 41779
20:17:04.559 Calculating Drop Costs for unit: Rifleman
20:17:04.559 unit has cost modifier of: 1
20:17:04.559 value based cost: 31004
20:17:04.559 Total Drop cost: 31004
20:17:04.559 Calculating Drop Costs for unit: JagerMech
20:17:04.559 unit has cost modifier of: 1
20:17:04.559 value based cost: 34524
20:17:04.559 Total Drop cost: 34524
20:17:04.559 Calculating Drop Costs for unit: Wolverine
20:17:04.559 unit has cost modifier of: 1
20:17:04.559 value based cost: 29077
20:17:04.559 Total Drop cost: 29077
20:17:04.626 Calculating Drop Costs for unit: Archer
20:17:04.626 unit has cost modifier of: 1
20:17:04.626 value based cost: 40424
20:17:04.626 Total Drop cost: 40424
20:17:04.626 Calculating Drop Costs for unit: Marauder
20:17:04.626 unit has cost modifier of: 1
20:17:04.626 value based cost: 41779
20:17:04.626 Total Drop cost: 41779
20:17:04.626 Calculating Drop Costs for unit: Rifleman
20:17:04.626 unit has cost modifier of: 1
20:17:04.626 value based cost: 31004
20:17:04.626 Total Drop cost: 31004
20:17:04.626 Calculating Drop Costs for unit: JagerMech
20:17:04.626 unit has cost modifier of: 1
20:17:04.626 value based cost: 34524
20:17:04.626 Total Drop cost: 34524
20:17:04.626 Calculating Drop Costs for unit: Wolverine
20:17:04.626 unit has cost modifier of: 1
20:17:04.627 value based cost: 29077
20:17:04.627 Total Drop cost: 29077
20:17:04.627 Calculating Drop Costs for unit: Shadow Hawk
20:17:04.627 unit has cost modifier of: 1
20:17:04.627 value based cost: 36049
20:17:04.627 Total Drop cost: 36049
20:17:04.668 Calculating Drop Costs for unit: Archer
20:17:04.668 unit has cost modifier of: 1
20:17:04.668 value based cost: 40424
20:17:04.668 Total Drop cost: 40424
20:17:04.668 Calculating Drop Costs for unit: Marauder
20:17:04.668 unit has cost modifier of: 1
20:17:04.668 value based cost: 41779
20:17:04.668 Total Drop cost: 41779
20:17:04.668 Calculating Drop Costs for unit: Rifleman
20:17:04.668 unit has cost modifier of: 1
20:17:04.668 value based cost: 31004
20:17:04.668 Total Drop cost: 31004
20:17:04.668 Calculating Drop Costs for unit: JagerMech
20:17:04.668 unit has cost modifier of: 1
20:17:04.668 value based cost: 34524
20:17:04.668 Total Drop cost: 34524
20:17:04.668 Calculating Drop Costs for unit: Wolverine
20:17:04.668 unit has cost modifier of: 1
20:17:04.668 value based cost: 29077
20:17:04.668 Total Drop cost: 29077
20:17:04.668 Calculating Drop Costs for unit: Shadow Hawk
20:17:04.668 unit has cost modifier of: 1
20:17:04.668 value based cost: 36049
20:17:04.668 Total Drop cost: 36049
20:17:04.738 Calculating Drop Costs for unit: Archer
20:17:04.738 unit has cost modifier of: 1
20:17:04.738 value based cost: 40424
20:17:04.738 Total Drop cost: 40424
20:17:04.738 Calculating Drop Costs for unit: Marauder
20:17:04.738 unit has cost modifier of: 1
20:17:04.738 value based cost: 41779
20:17:04.738 Total Drop cost: 41779
20:17:04.738 Calculating Drop Costs for unit: Rifleman
20:17:04.738 unit has cost modifier of: 1
20:17:04.738 value based cost: 31004
20:17:04.738 Total Drop cost: 31004
20:17:04.738 Calculating Drop Costs for unit: JagerMech
20:17:04.738 unit has cost modifier of: 1
20:17:04.738 value based cost: 34524
20:17:04.738 Total Drop cost: 34524
20:17:04.738 Calculating Drop Costs for unit: Wolverine
20:17:04.738 unit has cost modifier of: 1
20:17:04.738 value based cost: 29077
20:17:04.738 Total Drop cost: 29077
20:17:04.738 Calculating Drop Costs for unit: Shadow Hawk
20:17:04.738 unit has cost modifier of: 1
20:17:04.738 value based cost: 36049
20:17:04.738 Total Drop cost: 36049
20:17:04.738 Calculating Drop Costs for unit: Blackjack
20:17:04.738 unit has cost modifier of: 1
20:17:04.738 value based cost: 22064
20:17:04.738 Total Drop cost: 22064
20:17:04.779 Calculating Drop Costs for unit: Archer
20:17:04.779 unit has cost modifier of: 1
20:17:04.779 value based cost: 40424
20:17:04.779 Total Drop cost: 40424
20:17:04.779 Calculating Drop Costs for unit: Marauder
20:17:04.780 unit has cost modifier of: 1
20:17:04.780 value based cost: 41779
20:17:04.780 Total Drop cost: 41779
20:17:04.780 Calculating Drop Costs for unit: Rifleman
20:17:04.780 unit has cost modifier of: 1
20:17:04.780 value based cost: 31004
20:17:04.780 Total Drop cost: 31004
20:17:04.780 Calculating Drop Costs for unit: JagerMech
20:17:04.780 unit has cost modifier of: 1
20:17:04.780 value based cost: 34524
20:17:04.780 Total Drop cost: 34524
20:17:04.780 Calculating Drop Costs for unit: Wolverine
20:17:04.780 unit has cost modifier of: 1
20:17:04.780 value based cost: 29077
20:17:04.780 Total Drop cost: 29077
20:17:04.780 Calculating Drop Costs for unit: Shadow Hawk
20:17:04.780 unit has cost modifier of: 1
20:17:04.780 value based cost: 36049
20:17:04.780 Total Drop cost: 36049
20:17:04.780 Calculating Drop Costs for unit: Blackjack
20:17:04.780 unit has cost modifier of: 1
20:17:04.780 value based cost: 22064
20:17:04.780 Total Drop cost: 22064
20:17:04.837 Calculating Drop Costs for unit: Archer
20:17:04.837 unit has cost modifier of: 1
20:17:04.837 value based cost: 40424
20:17:04.837 Total Drop cost: 40424
20:17:04.837 Calculating Drop Costs for unit: Marauder
20:17:04.837 unit has cost modifier of: 1
20:17:04.837 value based cost: 41779
20:17:04.837 Total Drop cost: 41779
20:17:04.837 Calculating Drop Costs for unit: Rifleman
20:17:04.837 unit has cost modifier of: 1
20:17:04.837 value based cost: 31004
20:17:04.837 Total Drop cost: 31004
20:17:04.837 Calculating Drop Costs for unit: JagerMech
20:17:04.837 unit has cost modifier of: 1
20:17:04.837 value based cost: 34524
20:17:04.837 Total Drop cost: 34524
20:17:04.837 Calculating Drop Costs for unit: Wolverine
20:17:04.837 unit has cost modifier of: 1
20:17:04.837 value based cost: 29077
20:17:04.837 Total Drop cost: 29077
20:17:04.837 Calculating Drop Costs for unit: Shadow Hawk
20:17:04.837 unit has cost modifier of: 1
20:17:04.837 value based cost: 36049
20:17:04.837 Total Drop cost: 36049
20:17:04.837 Calculating Drop Costs for unit: Blackjack
20:17:04.837 unit has cost modifier of: 1
20:17:04.837 value based cost: 22064
20:17:04.837 Total Drop cost: 22064
20:17:04.841 Calculating Drop Costs for unit: Archer
20:17:04.841 unit has cost modifier of: 1
20:17:04.841 value based cost: 40424
20:17:04.841 Total Drop cost: 40424
20:17:04.841 Calculating Drop Costs for unit: Marauder
20:17:04.841 unit has cost modifier of: 1
20:17:04.841 value based cost: 41779
20:17:04.841 Total Drop cost: 41779
20:17:04.841 Calculating Drop Costs for unit: Rifleman
20:17:04.841 unit has cost modifier of: 1
20:17:04.841 value based cost: 31004
20:17:04.841 Total Drop cost: 31004
20:17:04.841 Calculating Drop Costs for unit: JagerMech
20:17:04.841 unit has cost modifier of: 1
20:17:04.841 value based cost: 34524
20:17:04.841 Total Drop cost: 34524
20:17:04.841 Calculating Drop Costs for unit: Wolverine
20:17:04.841 unit has cost modifier of: 1
20:17:04.841 value based cost: 29077
20:17:04.841 Total Drop cost: 29077
20:17:04.841 Calculating Drop Costs for unit: Shadow Hawk
20:17:04.841 unit has cost modifier of: 1
20:17:04.841 value based cost: 36049
20:17:04.841 Total Drop cost: 36049
20:17:04.841 Calculating Drop Costs for unit: Blackjack
20:17:04.841 unit has cost modifier of: 1
20:17:04.841 value based cost: 22064
20:17:04.841 Total Drop cost: 22064
20:17:07.118 Calculating Drop Costs for unit: Archer
20:17:07.118 unit has cost modifier of: 1
20:17:07.118 value based cost: 40424
20:17:07.118 Total Drop cost: 40424
20:17:07.118 Calculating Drop Costs for unit: Marauder
20:17:07.118 unit has cost modifier of: 1
20:17:07.118 value based cost: 41779
20:17:07.118 Total Drop cost: 41779
20:17:07.118 Calculating Drop Costs for unit: Rifleman
20:17:07.118 unit has cost modifier of: 1
20:17:07.118 value based cost: 31004
20:17:07.118 Total Drop cost: 31004
20:17:07.118 Calculating Drop Costs for unit: JagerMech
20:17:07.118 unit has cost modifier of: 1
20:17:07.118 value based cost: 34524
20:17:07.118 Total Drop cost: 34524
20:17:07.118 Calculating Drop Costs for unit: Wolverine
20:17:07.118 unit has cost modifier of: 1
20:17:07.118 value based cost: 29077
20:17:07.118 Total Drop cost: 29077
20:17:07.118 Calculating Drop Costs for unit: Shadow Hawk
20:17:07.118 unit has cost modifier of: 1
20:17:07.118 value based cost: 36049
20:17:07.118 Total Drop cost: 36049
20:17:07.118 Calculating Drop Costs for unit: Blackjack
20:17:07.118 unit has cost modifier of: 1
20:17:07.118 value based cost: 22064
20:17:07.118 Total Drop cost: 22064
20:17:08.225 Calculating Drop Costs for unit: Archer
20:17:08.225 unit has cost modifier of: 1
20:17:08.225 value based cost: 40424
20:17:08.225 Total Drop cost: 40424
20:17:08.225 Calculating Drop Costs for unit: Marauder
20:17:08.225 unit has cost modifier of: 1
20:17:08.225 value based cost: 41779
20:17:08.225 Total Drop cost: 41779
20:17:08.225 Calculating Drop Costs for unit: Rifleman
20:17:08.225 unit has cost modifier of: 1
20:17:08.225 value based cost: 31004
20:17:08.225 Total Drop cost: 31004
20:17:08.225 Calculating Drop Costs for unit: JagerMech
20:17:08.225 unit has cost modifier of: 1
20:17:08.225 value based cost: 34524
20:17:08.225 Total Drop cost: 34524
20:17:08.225 Calculating Drop Costs for unit: Wolverine
20:17:08.225 unit has cost modifier of: 1
20:17:08.225 value based cost: 29077
20:17:08.225 Total Drop cost: 29077
20:17:08.225 Calculating Drop Costs for unit: Shadow Hawk
20:17:08.225 unit has cost modifier of: 1
20:17:08.225 value based cost: 36049
20:17:08.225 Total Drop cost: 36049
20:17:08.225 Calculating Drop Costs for unit: Blackjack
20:17:08.225 unit has cost modifier of: 1
20:17:08.225 value based cost: 22064
20:17:08.225 Total Drop cost: 22064
20:17:08.770 Calculating Drop Costs for unit: Archer
20:17:08.770 unit has cost modifier of: 1
20:17:08.770 value based cost: 40424
20:17:08.770 Total Drop cost: 40424
20:17:08.770 Calculating Drop Costs for unit: Marauder
20:17:08.770 unit has cost modifier of: 1
20:17:08.770 value based cost: 41779
20:17:08.770 Total Drop cost: 41779
20:17:08.770 Calculating Drop Costs for unit: Rifleman
20:17:08.770 unit has cost modifier of: 1
20:17:08.770 value based cost: 31004
20:17:08.770 Total Drop cost: 31004
20:17:08.770 Calculating Drop Costs for unit: Wolverine
20:17:08.770 unit has cost modifier of: 1
20:17:08.770 value based cost: 29077
20:17:08.770 Total Drop cost: 29077
20:17:08.770 Calculating Drop Costs for unit: Shadow Hawk
20:17:08.770 unit has cost modifier of: 1
20:17:08.770 value based cost: 36049
20:17:08.770 Total Drop cost: 36049
20:17:08.770 Calculating Drop Costs for unit: Blackjack
20:17:08.770 unit has cost modifier of: 1
20:17:08.770 value based cost: 22064
20:17:08.770 Total Drop cost: 22064
20:17:09.311 Calculating Drop Costs for unit: Archer
20:17:09.311 unit has cost modifier of: 1
20:17:09.311 value based cost: 40424
20:17:09.311 Total Drop cost: 40424
20:17:09.311 Calculating Drop Costs for unit: Marauder
20:17:09.311 unit has cost modifier of: 1
20:17:09.311 value based cost: 41779
20:17:09.311 Total Drop cost: 41779
20:17:09.311 Calculating Drop Costs for unit: Wolverine
20:17:09.311 unit has cost modifier of: 1
20:17:09.311 value based cost: 29077
20:17:09.311 Total Drop cost: 29077
20:17:09.311 Calculating Drop Costs for unit: Shadow Hawk
20:17:09.311 unit has cost modifier of: 1
20:17:09.311 value based cost: 36049
20:17:09.311 Total Drop cost: 36049
20:17:09.311 Calculating Drop Costs for unit: Blackjack
20:17:09.311 unit has cost modifier of: 1
20:17:09.311 value based cost: 22064
20:17:09.311 Total Drop cost: 22064
20:17:09.401 Calculating Drop Costs for unit: Archer
20:17:09.401 unit has cost modifier of: 1
20:17:09.401 value based cost: 40424
20:17:09.401 Total Drop cost: 40424
20:17:09.401 Calculating Drop Costs for unit: Marauder
20:17:09.401 unit has cost modifier of: 1
20:17:09.401 value based cost: 41779
20:17:09.401 Total Drop cost: 41779
20:17:09.401 Calculating Drop Costs for unit: Rifleman
20:17:09.401 unit has cost modifier of: 1
20:17:09.401 value based cost: 31004
20:17:09.401 Total Drop cost: 31004
20:17:09.401 Calculating Drop Costs for unit: Wolverine
20:17:09.401 unit has cost modifier of: 1
20:17:09.401 value based cost: 29077
20:17:09.401 Total Drop cost: 29077
20:17:09.401 Calculating Drop Costs for unit: Shadow Hawk
20:17:09.401 unit has cost modifier of: 1
20:17:09.401 value based cost: 36049
20:17:09.401 Total Drop cost: 36049
20:17:09.401 Calculating Drop Costs for unit: Blackjack
20:17:09.401 unit has cost modifier of: 1
20:17:09.401 value based cost: 22064
20:17:09.401 Total Drop cost: 22064
20:17:09.948 Calculating Drop Costs for unit: Archer
20:17:09.948 unit has cost modifier of: 1
20:17:09.948 value based cost: 40424
20:17:09.948 Total Drop cost: 40424
20:17:09.948 Calculating Drop Costs for unit: Rifleman
20:17:09.948 unit has cost modifier of: 1
20:17:09.948 value based cost: 31004
20:17:09.948 Total Drop cost: 31004
20:17:09.948 Calculating Drop Costs for unit: Wolverine
20:17:09.948 unit has cost modifier of: 1
20:17:09.948 value based cost: 29077
20:17:09.948 Total Drop cost: 29077
20:17:09.948 Calculating Drop Costs for unit: Shadow Hawk
20:17:09.948 unit has cost modifier of: 1
20:17:09.948 value based cost: 36049
20:17:09.948 Total Drop cost: 36049
20:17:09.948 Calculating Drop Costs for unit: Blackjack
20:17:09.948 unit has cost modifier of: 1
20:17:09.948 value based cost: 22064
20:17:09.948 Total Drop cost: 22064
20:17:10.448 Calculating Drop Costs for unit: Archer
20:17:10.448 unit has cost modifier of: 1
20:17:10.448 value based cost: 40424
20:17:10.448 Total Drop cost: 40424
20:17:10.448 Calculating Drop Costs for unit: Rifleman
20:17:10.448 unit has cost modifier of: 1
20:17:10.448 value based cost: 31004
20:17:10.448 Total Drop cost: 31004
20:17:10.448 Calculating Drop Costs for unit: Wolverine
20:17:10.448 unit has cost modifier of: 1
20:17:10.448 value based cost: 29077
20:17:10.448 Total Drop cost: 29077
20:17:10.448 Calculating Drop Costs for unit: Shadow Hawk
20:17:10.448 unit has cost modifier of: 1
20:17:10.448 value based cost: 36049
20:17:10.449 Total Drop cost: 36049
20:17:10.449 Calculating Drop Costs for unit: Blackjack
20:17:10.449 unit has cost modifier of: 1
20:17:10.449 value based cost: 22064
20:17:10.449 Total Drop cost: 22064
20:17:10.967 Calculating Drop Costs for unit: Archer
20:17:10.967 unit has cost modifier of: 1
20:17:10.967 value based cost: 40424
20:17:10.967 Total Drop cost: 40424
20:17:10.967 Calculating Drop Costs for unit: Wolverine
20:17:10.967 unit has cost modifier of: 1
20:17:10.967 value based cost: 29077
20:17:10.967 Total Drop cost: 29077
20:17:10.967 Calculating Drop Costs for unit: Shadow Hawk
20:17:10.967 unit has cost modifier of: 1
20:17:10.967 value based cost: 36049
20:17:10.967 Total Drop cost: 36049
20:17:10.967 Calculating Drop Costs for unit: Blackjack
20:17:10.967 unit has cost modifier of: 1
20:17:10.967 value based cost: 22064
20:17:10.967 Total Drop cost: 22064
20:17:11.632 Calculating Drop Costs for unit: Archer
20:17:11.632 unit has cost modifier of: 1
20:17:11.632 value based cost: 40424
20:17:11.632 Total Drop cost: 40424
20:17:11.632 Calculating Drop Costs for unit: Wolverine
20:17:11.632 unit has cost modifier of: 1
20:17:11.632 value based cost: 29077
20:17:11.632 Total Drop cost: 29077
20:17:11.632 Calculating Drop Costs for unit: Shadow Hawk
20:17:11.632 unit has cost modifier of: 1
20:17:11.632 value based cost: 36049
20:17:11.632 Total Drop cost: 36049
20:17:11.632 Calculating Drop Costs for unit: Blackjack
20:17:11.632 unit has cost modifier of: 1
20:17:11.632 value based cost: 22064
20:17:11.632 Total Drop cost: 22064
20:17:12.465 Calculating Drop Costs for unit: Wolverine
20:17:12.465 unit has cost modifier of: 1
20:17:12.465 value based cost: 29077
20:17:12.465 Total Drop cost: 29077
20:17:12.465 Calculating Drop Costs for unit: Shadow Hawk
20:17:12.466 unit has cost modifier of: 1
20:17:12.466 value based cost: 36049
20:17:12.466 Total Drop cost: 36049
20:17:12.466 Calculating Drop Costs for unit: Blackjack
20:17:12.466 unit has cost modifier of: 1
20:17:12.466 value based cost: 22064
20:17:12.466 Total Drop cost: 22064
20:17:13.848 Calculating Drop Costs for unit: Wolverine
20:17:13.848 unit has cost modifier of: 1
20:17:13.848 value based cost: 29077
20:17:13.848 Total Drop cost: 29077
20:17:13.848 Calculating Drop Costs for unit: Shadow Hawk
20:17:13.848 unit has cost modifier of: 1
20:17:13.848 value based cost: 36049
20:17:13.848 Total Drop cost: 36049
20:17:14.402 Calculating Drop Costs for unit: Wolverine
20:17:14.402 unit has cost modifier of: 1
20:17:14.402 value based cost: 29077
20:17:14.402 Total Drop cost: 29077
20:17:14.402 Calculating Drop Costs for unit: Shadow Hawk
20:17:14.402 unit has cost modifier of: 1
20:17:14.402 value based cost: 36049
20:17:14.402 Total Drop cost: 36049
20:17:15.004 Calculating Drop Costs for unit: Wolverine
20:17:15.005 unit has cost modifier of: 1
20:17:15.005 value based cost: 29077
20:17:15.005 Total Drop cost: 29077
20:17:15.005 Calculating Drop Costs for unit: Shadow Hawk
20:17:15.005 unit has cost modifier of: 1
20:17:15.005 value based cost: 36049
20:17:15.005 Total Drop cost: 36049
20:17:15.885 Calculating Drop Costs for unit: Wolverine
20:17:15.885 unit has cost modifier of: 1
20:17:15.885 value based cost: 29077
20:17:15.885 Total Drop cost: 29077
20:17:15.885 Calculating Drop Costs for unit: Shadow Hawk
20:17:15.885 unit has cost modifier of: 1
20:17:15.885 value based cost: 36049
20:17:15.885 Total Drop cost: 36049
20:17:16.693 Calculating Drop Costs for unit: Wolverine
20:17:16.693 unit has cost modifier of: 1
20:17:16.693 value based cost: 29077
20:17:16.693 Total Drop cost: 29077
20:17:17.192 Calculating Drop Costs for unit: Wolverine
20:17:17.192 unit has cost modifier of: 1
20:17:17.192 value based cost: 29077
20:17:17.192 Total Drop cost: 29077
20:17:26.834 Calculating Drop Costs for unit: Pegasus
20:17:26.834 unit has cost modifier of: 1
20:17:26.834 value based cost: 7504
20:17:26.834 Total Drop cost: 7504
20:17:28.410 Calculating Drop Costs for unit: Pegasus
20:17:28.410 unit has cost modifier of: 1
20:17:28.410 value based cost: 7504
20:17:28.410 Total Drop cost: 7504
20:17:28.410 Calculating Drop Costs for unit: Pegasus Missile
20:17:28.410 unit has cost modifier of: 1
20:17:28.410 value based cost: 7447
20:17:28.410 Total Drop cost: 7447
20:17:35.322 Calculating Drop Costs for unit: Drillson
20:17:35.322 unit has cost modifier of: 1
20:17:35.322 value based cost: 20379
20:17:35.322 Total Drop cost: 20379
20:17:35.322 Calculating Drop Costs for unit: Pegasus
20:17:35.322 unit has cost modifier of: 1
20:17:35.322 value based cost: 7504
20:17:35.322 Total Drop cost: 7504
20:17:35.322 Calculating Drop Costs for unit: Pegasus Missile
20:17:35.322 unit has cost modifier of: 1
20:17:35.322 value based cost: 7447
20:17:35.322 Total Drop cost: 7447
20:17:40.796 Calculating Drop Costs for unit: Drillson
20:17:40.796 unit has cost modifier of: 1
20:17:40.796 value based cost: 20379
20:17:40.796 Total Drop cost: 20379
20:17:40.796 Calculating Drop Costs for unit: Pegasus
20:17:40.796 unit has cost modifier of: 1
20:17:40.796 value based cost: 7504
20:17:40.796 Total Drop cost: 7504
20:17:40.796 Calculating Drop Costs for unit: Pegasus Missile
20:17:40.796 unit has cost modifier of: 1
20:17:40.796 value based cost: 7447
20:17:40.796 Total Drop cost: 7447
20:17:46.880 Calculating Drop Costs for unit: Drillson
20:17:46.880 unit has cost modifier of: 1
20:17:46.880 value based cost: 20379
20:17:46.880 Total Drop cost: 20379
20:17:46.880 Calculating Drop Costs for unit: Pegasus
20:17:46.880 unit has cost modifier of: 1
20:17:46.880 value based cost: 7504
20:17:46.880 Total Drop cost: 7504
20:17:46.880 Calculating Drop Costs for unit: Pegasus Missile
20:17:46.880 unit has cost modifier of: 1
20:17:46.880 value based cost: 7447
20:17:46.880 Total Drop cost: 7447
20:17:53.519 Calculating Drop Costs for unit: Drillson
20:17:53.519 unit has cost modifier of: 1
20:17:53.519 value based cost: 20379
20:17:53.519 Total Drop cost: 20379
20:17:53.519 Calculating Drop Costs for unit: Pegasus
20:17:53.519 unit has cost modifier of: 1
20:17:53.519 value based cost: 7504
20:17:53.519 Total Drop cost: 7504
20:17:53.519 Calculating Drop Costs for unit: Pegasus Missile
20:17:53.519 unit has cost modifier of: 1
20:17:53.519 value based cost: 7447
20:17:53.519 Total Drop cost: 7447
20:17:58.897 Calculating Drop Costs for unit: Manticore
20:17:58.897 unit has cost modifier of: 1
20:17:58.897 value based cost: 17889
20:17:58.897 Total Drop cost: 17889
20:17:58.897 Calculating Drop Costs for unit: Drillson
20:17:58.897 unit has cost modifier of: 1
20:17:58.897 value based cost: 20379
20:17:58.897 Total Drop cost: 20379
20:17:58.897 Calculating Drop Costs for unit: Pegasus
20:17:58.897 unit has cost modifier of: 1
20:17:58.897 value based cost: 7504
20:17:58.897 Total Drop cost: 7504
20:17:58.897 Calculating Drop Costs for unit: Pegasus Missile
20:17:58.897 unit has cost modifier of: 1
20:17:58.897 value based cost: 7447
20:17:58.897 Total Drop cost: 7447
20:18:00.193 Calculating Drop Costs for unit: Manticore
20:18:00.193 unit has cost modifier of: 1
20:18:00.193 value based cost: 17889
20:18:00.193 Total Drop cost: 17889
20:18:00.193 Calculating Drop Costs for unit: Manticore
20:18:00.193 unit has cost modifier of: 1
20:18:00.193 value based cost: 25067
20:18:00.193 Total Drop cost: 25067
20:18:00.193 Calculating Drop Costs for unit: Drillson
20:18:00.193 unit has cost modifier of: 1
20:18:00.193 value based cost: 20379
20:18:00.193 Total Drop cost: 20379
20:18:00.193 Calculating Drop Costs for unit: Pegasus
20:18:00.193 unit has cost modifier of: 1
20:18:00.193 value based cost: 7504
20:18:00.193 Total Drop cost: 7504
20:18:00.193 Calculating Drop Costs for unit: Pegasus Missile
20:18:00.193 unit has cost modifier of: 1
20:18:00.193 value based cost: 7447
20:18:00.193 Total Drop cost: 7447
20:18:04.912 Calculating Drop Costs for unit: Manticore
20:18:04.912 unit has cost modifier of: 1
20:18:04.912 value based cost: 17889
20:18:04.913 Total Drop cost: 17889
20:18:04.913 Calculating Drop Costs for unit: Manticore
20:18:04.913 unit has cost modifier of: 1
20:18:04.913 value based cost: 25067
20:18:04.913 Total Drop cost: 25067
20:18:04.913 Calculating Drop Costs for unit: Turhan APC
20:18:04.913 unit has cost modifier of: 1
20:18:04.913 value based cost: 10552
20:18:04.913 Total Drop cost: 10552
20:18:04.913 Calculating Drop Costs for unit: Drillson
20:18:04.913 unit has cost modifier of: 1
20:18:04.913 value based cost: 20379
20:18:04.913 Total Drop cost: 20379
20:18:04.913 Calculating Drop Costs for unit: Pegasus
20:18:04.913 unit has cost modifier of: 1
20:18:04.913 value based cost: 7504
20:18:04.913 Total Drop cost: 7504
20:18:04.913 Calculating Drop Costs for unit: Pegasus Missile
20:18:04.913 unit has cost modifier of: 1
20:18:04.913 value based cost: 7447
20:18:04.913 Total Drop cost: 7447
20:18:11.516 Calculating Drop Costs for unit: Manticore
20:18:11.516 unit has cost modifier of: 1
20:18:11.516 value based cost: 17889
20:18:11.516 Total Drop cost: 17889
20:18:11.516 Calculating Drop Costs for unit: Manticore
20:18:11.516 unit has cost modifier of: 1
20:18:11.517 value based cost: 25067
20:18:11.517 Total Drop cost: 25067
20:18:11.517 Calculating Drop Costs for unit: Turhan APC
20:18:11.517 unit has cost modifier of: 1
20:18:11.517 value based cost: 10552
20:18:11.517 Total Drop cost: 10552
20:18:11.517 Calculating Drop Costs for unit: Bulldog AC2
20:18:11.517 unit has cost modifier of: 1
20:18:11.517 value based cost: 11134
20:18:11.517 Total Drop cost: 11134
20:18:11.517 Calculating Drop Costs for unit: Drillson
20:18:11.517 unit has cost modifier of: 1
20:18:11.517 value based cost: 20379
20:18:11.517 Total Drop cost: 20379
20:18:11.517 Calculating Drop Costs for unit: Pegasus
20:18:11.517 unit has cost modifier of: 1
20:18:11.517 value based cost: 7504
20:18:11.517 Total Drop cost: 7504
20:18:11.517 Calculating Drop Costs for unit: Pegasus Missile
20:18:11.517 unit has cost modifier of: 1
20:18:11.517 value based cost: 7447
20:18:11.517 Total Drop cost: 7447
20:18:14.720 Calculating Drop Costs for unit: Manticore
20:18:14.720 unit has cost modifier of: 1
20:18:14.720 value based cost: 17889
20:18:14.720 Total Drop cost: 17889
20:18:14.720 Calculating Drop Costs for unit: Manticore
20:18:14.720 unit has cost modifier of: 1
20:18:14.720 value based cost: 25067
20:18:14.720 Total Drop cost: 25067
20:18:14.720 Calculating Drop Costs for unit: Turhan APC
20:18:14.720 unit has cost modifier of: 1
20:18:14.720 value based cost: 10552
20:18:14.720 Total Drop cost: 10552
20:18:14.720 Calculating Drop Costs for unit: Bulldog AC2
20:18:14.720 unit has cost modifier of: 1
20:18:14.720 value based cost: 11134
20:18:14.720 Total Drop cost: 11134
20:18:14.720 Calculating Drop Costs for unit: Drillson
20:18:14.720 unit has cost modifier of: 1
20:18:14.720 value based cost: 20379
20:18:14.720 Total Drop cost: 20379
20:18:14.720 Calculating Drop Costs for unit: Pegasus
20:18:14.720 unit has cost modifier of: 1
20:18:14.720 value based cost: 7504
20:18:14.720 Total Drop cost: 7504
20:18:14.720 Calculating Drop Costs for unit: Pegasus Missile
20:18:14.720 unit has cost modifier of: 1
20:18:14.720 value based cost: 7447
20:18:14.720 Total Drop cost: 7447
20:18:22.229 Calculating Drop Costs for unit: Manticore
20:18:22.229 unit has cost modifier of: 1
20:18:22.229 value based cost: 17889
20:18:22.229 Total Drop cost: 17889
20:18:22.229 Calculating Drop Costs for unit: Manticore
20:18:22.229 unit has cost modifier of: 1
20:18:22.229 value based cost: 25067
20:18:22.229 Total Drop cost: 25067
20:18:22.229 Calculating Drop Costs for unit: Turhan APC
20:18:22.229 unit has cost modifier of: 1
20:18:22.229 value based cost: 10552
20:18:22.229 Total Drop cost: 10552
20:18:22.229 Calculating Drop Costs for unit: Bulldog AC2
20:18:22.229 unit has cost modifier of: 1
20:18:22.229 value based cost: 11134
20:18:22.229 Total Drop cost: 11134
20:18:22.229 Calculating Drop Costs for unit: Drillson
20:18:22.229 unit has cost modifier of: 1
20:18:22.229 value based cost: 20379
20:18:22.229 Total Drop cost: 20379
20:18:22.229 Calculating Drop Costs for unit: Pegasus
20:18:22.229 unit has cost modifier of: 1
20:18:22.229 value based cost: 7504
20:18:22.229 Total Drop cost: 7504
20:18:22.229 Calculating Drop Costs for unit: Pegasus Missile
20:18:22.229 unit has cost modifier of: 1
20:18:22.229 value based cost: 7447
20:18:22.229 Total Drop cost: 7447
20:18:26.910 Calculating Drop Costs for unit: Manticore
20:18:26.910 unit has cost modifier of: 1
20:18:26.911 value based cost: 17889
20:18:26.911 Total Drop cost: 17889
20:18:26.911 Calculating Drop Costs for unit: Manticore
20:18:26.911 unit has cost modifier of: 1
20:18:26.911 value based cost: 25067
20:18:26.911 Total Drop cost: 25067
20:18:26.911 Calculating Drop Costs for unit: Turhan APC
20:18:26.911 unit has cost modifier of: 1
20:18:26.911 value based cost: 10552
20:18:26.911 Total Drop cost: 10552
20:18:26.911 Calculating Drop Costs for unit: Bulldog AC2
20:18:26.911 unit has cost modifier of: 1
20:18:26.911 value based cost: 11134
20:18:26.911 Total Drop cost: 11134
20:18:26.911 Calculating Drop Costs for unit: Drillson
20:18:26.911 unit has cost modifier of: 1
20:18:26.911 value based cost: 20379
20:18:26.911 Total Drop cost: 20379
20:18:26.911 Calculating Drop Costs for unit: Pegasus
20:18:26.911 unit has cost modifier of: 1
20:18:26.911 value based cost: 7504
20:18:26.911 Total Drop cost: 7504
20:18:26.911 Calculating Drop Costs for unit: Pegasus Missile
20:18:26.911 unit has cost modifier of: 1
20:18:26.911 value based cost: 7447
20:18:26.911 Total Drop cost: 7447
20:18:35.094 Calculating Drop Costs for unit: Manticore
20:18:35.094 unit has cost modifier of: 1
20:18:35.094 value based cost: 17889
20:18:35.094 Total Drop cost: 17889
20:18:35.094 Calculating Drop Costs for unit: Manticore
20:18:35.094 unit has cost modifier of: 1
20:18:35.094 value based cost: 25067
20:18:35.094 Total Drop cost: 25067
20:18:35.094 Calculating Drop Costs for unit: Turhan APC
20:18:35.094 unit has cost modifier of: 1
20:18:35.094 value based cost: 10552
20:18:35.094 Total Drop cost: 10552
20:18:35.094 Calculating Drop Costs for unit: Bulldog AC2
20:18:35.094 unit has cost modifier of: 1
20:18:35.094 value based cost: 11134
20:18:35.094 Total Drop cost: 11134
20:18:35.094 Calculating Drop Costs for unit: Drillson
20:18:35.094 unit has cost modifier of: 1
20:18:35.094 value based cost: 20379
20:18:35.094 Total Drop cost: 20379
20:18:35.094 Calculating Drop Costs for unit: Pegasus
20:18:35.094 unit has cost modifier of: 1
20:18:35.094 value based cost: 7504
20:18:35.094 Total Drop cost: 7504
20:18:35.094 Calculating Drop Costs for unit: Pegasus Missile
20:18:35.094 unit has cost modifier of: 1
20:18:35.094 value based cost: 7447
20:18:35.094 Total Drop cost: 7447
20:19:22.523 Calculating Drop Costs for unit: Manticore
20:19:22.523 unit has cost modifier of: 1
20:19:22.523 value based cost: 17889
20:19:22.523 Total Drop cost: 17889
20:19:22.523 Calculating Drop Costs for unit: Manticore
20:19:22.523 unit has cost modifier of: 1
20:19:22.523 value based cost: 25067
20:19:22.523 Total Drop cost: 25067
20:19:22.523 Calculating Drop Costs for unit: Turhan APC
20:19:22.523 unit has cost modifier of: 1
20:19:22.523 value based cost: 10552
20:19:22.523 Total Drop cost: 10552
20:19:22.523 Calculating Drop Costs for unit: Bulldog AC2
20:19:22.523 unit has cost modifier of: 1
20:19:22.523 value based cost: 11134
20:19:22.523 Total Drop cost: 11134
20:19:22.523 Calculating Drop Costs for unit: Drillson
20:19:22.523 unit has cost modifier of: 1
20:19:22.523 value based cost: 20379
20:19:22.523 Total Drop cost: 20379
20:19:22.523 Calculating Drop Costs for unit: Pegasus
20:19:22.523 unit has cost modifier of: 1
20:19:22.523 value based cost: 7504
20:19:22.523 Total Drop cost: 7504
20:19:22.523 Calculating Drop Costs for unit: Pegasus Missile
20:19:22.523 unit has cost modifier of: 1
20:19:22.523 value based cost: 7447
20:19:22.523 Total Drop cost: 7447
20:19:27.009 Calculating Drop Costs for unit: Rifleman
20:19:27.009 unit has cost modifier of: 1
20:19:27.009 value based cost: 31004
20:19:27.009 Total Drop cost: 31004
20:19:27.009 Calculating Drop Costs for unit: Manticore
20:19:27.009 unit has cost modifier of: 1
20:19:27.009 value based cost: 17889
20:19:27.009 Total Drop cost: 17889
20:19:27.009 Calculating Drop Costs for unit: Manticore
20:19:27.009 unit has cost modifier of: 1
20:19:27.009 value based cost: 25067
20:19:27.009 Total Drop cost: 25067
20:19:27.009 Calculating Drop Costs for unit: Turhan APC
20:19:27.009 unit has cost modifier of: 1
20:19:27.009 value based cost: 10552
20:19:27.009 Total Drop cost: 10552
20:19:27.009 Calculating Drop Costs for unit: Bulldog AC2
20:19:27.009 unit has cost modifier of: 1
20:19:27.009 value based cost: 11134
20:19:27.009 Total Drop cost: 11134
20:19:27.009 Calculating Drop Costs for unit: Drillson
20:19:27.009 unit has cost modifier of: 1
20:19:27.009 value based cost: 20379
20:19:27.009 Total Drop cost: 20379
20:19:27.009 Calculating Drop Costs for unit: Pegasus
20:19:27.009 unit has cost modifier of: 1
20:19:27.009 value based cost: 7504
20:19:27.009 Total Drop cost: 7504
20:19:27.009 Calculating Drop Costs for unit: Pegasus Missile
20:19:27.009 unit has cost modifier of: 1
20:19:27.009 value based cost: 7447
20:19:27.009 Total Drop cost: 7447
20:19:30.031 Calculating Drop Costs for unit: Rifleman
20:19:30.032 unit has cost modifier of: 1
20:19:30.032 value based cost: 31004
20:19:30.032 Total Drop cost: 31004
20:19:30.032 Calculating Drop Costs for unit: Manticore
20:19:30.032 unit has cost modifier of: 1
20:19:30.032 value based cost: 17889
20:19:30.032 Total Drop cost: 17889
20:19:30.032 Calculating Drop Costs for unit: Manticore
20:19:30.032 unit has cost modifier of: 1
20:19:30.032 value based cost: 25067
20:19:30.032 Total Drop cost: 25067
20:19:30.032 Calculating Drop Costs for unit: Turhan APC
20:19:30.032 unit has cost modifier of: 1
20:19:30.032 value based cost: 10552
20:19:30.032 Total Drop cost: 10552
20:19:30.032 Calculating Drop Costs for unit: Bulldog AC2
20:19:30.032 unit has cost modifier of: 1
20:19:30.032 value based cost: 11134
20:19:30.032 Total Drop cost: 11134
20:19:30.032 Calculating Drop Costs for unit: Drillson
20:19:30.032 unit has cost modifier of: 1
20:19:30.032 value based cost: 20379
20:19:30.032 Total Drop cost: 20379
20:19:30.032 Calculating Drop Costs for unit: Pegasus
20:19:30.032 unit has cost modifier of: 1
20:19:30.032 value based cost: 7504
20:19:30.032 Total Drop cost: 7504
20:19:30.032 Calculating Drop Costs for unit: Pegasus Missile
20:19:30.032 unit has cost modifier of: 1
20:19:30.032 value based cost: 7447
20:19:30.032 Total Drop cost: 7447
20:19:34.156 Calculating Drop Costs for unit: Rifleman
20:19:34.156 unit has cost modifier of: 1
20:19:34.156 value based cost: 31004
20:19:34.156 Total Drop cost: 31004
20:19:34.156 Calculating Drop Costs for unit: Vulcan
20:19:34.156 unit has cost modifier of: 1
20:19:34.156 value based cost: 22269
20:19:34.156 Total Drop cost: 22269
20:19:34.156 Calculating Drop Costs for unit: Manticore
20:19:34.156 unit has cost modifier of: 1
20:19:34.156 value based cost: 17889
20:19:34.156 Total Drop cost: 17889
20:19:34.156 Calculating Drop Costs for unit: Manticore
20:19:34.156 unit has cost modifier of: 1
20:19:34.156 value based cost: 25067
20:19:34.156 Total Drop cost: 25067
20:19:34.156 Calculating Drop Costs for unit: Turhan APC
20:19:34.156 unit has cost modifier of: 1
20:19:34.156 value based cost: 10552
20:19:34.156 Total Drop cost: 10552
20:19:34.156 Calculating Drop Costs for unit: Bulldog AC2
20:19:34.156 unit has cost modifier of: 1
20:19:34.156 value based cost: 11134
20:19:34.156 Total Drop cost: 11134
20:19:34.156 Calculating Drop Costs for unit: Drillson
20:19:34.156 unit has cost modifier of: 1
20:19:34.156 value based cost: 20379
20:19:34.156 Total Drop cost: 20379
20:19:34.156 Calculating Drop Costs for unit: Pegasus
20:19:34.156 unit has cost modifier of: 1
20:19:34.156 value based cost: 7504
20:19:34.156 Total Drop cost: 7504
20:19:34.156 Calculating Drop Costs for unit: Pegasus Missile
20:19:34.156 unit has cost modifier of: 1
20:19:34.156 value based cost: 7447
20:19:34.156 Total Drop cost: 7447
20:19:39.966 Calculating Drop Costs for unit: Rifleman
20:19:39.966 unit has cost modifier of: 1
20:19:39.967 value based cost: 31004
20:19:39.967 Total Drop cost: 31004
20:19:39.967 Calculating Drop Costs for unit: Manticore
20:19:39.967 unit has cost modifier of: 1
20:19:39.967 value based cost: 17889
20:19:39.967 Total Drop cost: 17889
20:19:39.967 Calculating Drop Costs for unit: Manticore
20:19:39.967 unit has cost modifier of: 1
20:19:39.967 value based cost: 25067
20:19:39.967 Total Drop cost: 25067
20:19:39.967 Calculating Drop Costs for unit: Turhan APC
20:19:39.967 unit has cost modifier of: 1
20:19:39.967 value based cost: 10552
20:19:39.967 Total Drop cost: 10552
20:19:39.967 Calculating Drop Costs for unit: Bulldog AC2
20:19:39.967 unit has cost modifier of: 1
20:19:39.967 value based cost: 11134
20:19:39.967 Total Drop cost: 11134
20:19:39.967 Calculating Drop Costs for unit: Drillson
20:19:39.967 unit has cost modifier of: 1
20:19:39.967 value based cost: 20379
20:19:39.967 Total Drop cost: 20379
20:19:39.967 Calculating Drop Costs for unit: Pegasus
20:19:39.967 unit has cost modifier of: 1
20:19:39.967 value based cost: 7504
20:19:39.967 Total Drop cost: 7504
20:19:39.967 Calculating Drop Costs for unit: Pegasus Missile
20:19:39.967 unit has cost modifier of: 1
20:19:39.967 value based cost: 7447
20:19:39.967 Total Drop cost: 7447
20:19:40.099 Calculating Drop Costs for unit: Rifleman
20:19:40.099 unit has cost modifier of: 1
20:19:40.099 value based cost: 31004
20:19:40.099 Total Drop cost: 31004
20:19:40.099 Calculating Drop Costs for unit: Vulcan
20:19:40.099 unit has cost modifier of: 1
20:19:40.099 value based cost: 22269
20:19:40.099 Total Drop cost: 22269
20:19:40.099 Calculating Drop Costs for unit: Manticore
20:19:40.099 unit has cost modifier of: 1
20:19:40.099 value based cost: 17889
20:19:40.099 Total Drop cost: 17889
20:19:40.099 Calculating Drop Costs for unit: Manticore
20:19:40.099 unit has cost modifier of: 1
20:19:40.099 value based cost: 25067
20:19:40.099 Total Drop cost: 25067
20:19:40.099 Calculating Drop Costs for unit: Turhan APC
20:19:40.099 unit has cost modifier of: 1
20:19:40.099 value based cost: 10552
20:19:40.099 Total Drop cost: 10552
20:19:40.099 Calculating Drop Costs for unit: Bulldog AC2
20:19:40.099 unit has cost modifier of: 1
20:19:40.099 value based cost: 11134
20:19:40.099 Total Drop cost: 11134
20:19:40.099 Calculating Drop Costs for unit: Drillson
20:19:40.099 unit has cost modifier of: 1
20:19:40.100 value based cost: 20379
20:19:40.100 Total Drop cost: 20379
20:19:40.100 Calculating Drop Costs for unit: Pegasus
20:19:40.100 unit has cost modifier of: 1
20:19:40.100 value based cost: 7504
20:19:40.100 Total Drop cost: 7504
20:19:40.100 Calculating Drop Costs for unit: Pegasus Missile
20:19:40.100 unit has cost modifier of: 1
20:19:40.100 value based cost: 7447
20:19:40.100 Total Drop cost: 7447
20:19:40.413 Calculating Drop Costs for unit: Rifleman
20:19:40.413 unit has cost modifier of: 1
20:19:40.413 value based cost: 31004
20:19:40.413 Total Drop cost: 31004
20:19:40.413 Calculating Drop Costs for unit: Vulcan
20:19:40.413 unit has cost modifier of: 1
20:19:40.413 value based cost: 22269
20:19:40.413 Total Drop cost: 22269
20:19:40.413 Calculating Drop Costs for unit: Manticore
20:19:40.413 unit has cost modifier of: 1
20:19:40.413 value based cost: 17889
20:19:40.413 Total Drop cost: 17889
20:19:40.413 Calculating Drop Costs for unit: Manticore
20:19:40.413 unit has cost modifier of: 1
20:19:40.413 value based cost: 25067
20:19:40.413 Total Drop cost: 25067
20:19:40.413 Calculating Drop Costs for unit: Turhan APC
20:19:40.413 unit has cost modifier of: 1
20:19:40.413 value based cost: 10552
20:19:40.413 Total Drop cost: 10552
20:19:40.413 Calculating Drop Costs for unit: Bulldog AC2
20:19:40.413 unit has cost modifier of: 1
20:19:40.413 value based cost: 11134
20:19:40.413 Total Drop cost: 11134
20:19:40.413 Calculating Drop Costs for unit: Drillson
20:19:40.413 unit has cost modifier of: 1
20:19:40.413 value based cost: 20379
20:19:40.413 Total Drop cost: 20379
20:19:40.413 Calculating Drop Costs for unit: Pegasus
20:19:40.413 unit has cost modifier of: 1
20:19:40.413 value based cost: 7504
20:19:40.413 Total Drop cost: 7504
20:19:40.413 Calculating Drop Costs for unit: Pegasus Missile
20:19:40.413 unit has cost modifier of: 1
20:19:40.413 value based cost: 7447
20:19:40.413 Total Drop cost: 7447
20:19:41.000 Calculating Drop Costs for unit: Rifleman
20:19:41.000 unit has cost modifier of: 1
20:19:41.000 value based cost: 31004
20:19:41.000 Total Drop cost: 31004
20:19:41.000 Calculating Drop Costs for unit: Manticore
20:19:41.000 unit has cost modifier of: 1
20:19:41.000 value based cost: 17889
20:19:41.000 Total Drop cost: 17889
20:19:41.000 Calculating Drop Costs for unit: Manticore
20:19:41.000 unit has cost modifier of: 1
20:19:41.000 value based cost: 25067
20:19:41.000 Total Drop cost: 25067
20:19:41.000 Calculating Drop Costs for unit: Turhan APC
20:19:41.000 unit has cost modifier of: 1
20:19:41.000 value based cost: 10552
20:19:41.000 Total Drop cost: 10552
20:19:41.000 Calculating Drop Costs for unit: Bulldog AC2
20:19:41.000 unit has cost modifier of: 1
20:19:41.000 value based cost: 11134
20:19:41.000 Total Drop cost: 11134
20:19:41.000 Calculating Drop Costs for unit: Drillson
20:19:41.000 unit has cost modifier of: 1
20:19:41.000 value based cost: 20379
20:19:41.000 Total Drop cost: 20379
20:19:41.000 Calculating Drop Costs for unit: Pegasus
20:19:41.000 unit has cost modifier of: 1
20:19:41.000 value based cost: 7504
20:19:41.000 Total Drop cost: 7504
20:19:41.000 Calculating Drop Costs for unit: Pegasus Missile
20:19:41.000 unit has cost modifier of: 1
20:19:41.000 value based cost: 7447
20:19:41.001 Total Drop cost: 7447
20:19:48.680 Calculating Drop Costs for unit: Rifleman
20:19:48.680 unit has cost modifier of: 1
20:19:48.680 value based cost: 31004
20:19:48.680 Total Drop cost: 31004
20:19:48.680 Calculating Drop Costs for unit: LRM Carrier
20:19:48.680 unit has cost modifier of: 1
20:19:48.680 value based cost: 16109
20:19:48.680 Total Drop cost: 16109
20:19:48.680 Calculating Drop Costs for unit: Manticore
20:19:48.680 unit has cost modifier of: 1
20:19:48.680 value based cost: 17889
20:19:48.680 Total Drop cost: 17889
20:19:48.680 Calculating Drop Costs for unit: Manticore
20:19:48.680 unit has cost modifier of: 1
20:19:48.680 value based cost: 25067
20:19:48.680 Total Drop cost: 25067
20:19:48.680 Calculating Drop Costs for unit: Turhan APC
20:19:48.680 unit has cost modifier of: 1
20:19:48.680 value based cost: 10552
20:19:48.680 Total Drop cost: 10552
20:19:48.680 Calculating Drop Costs for unit: Bulldog AC2
20:19:48.680 unit has cost modifier of: 1
20:19:48.680 value based cost: 11134
20:19:48.680 Total Drop cost: 11134
20:19:48.680 Calculating Drop Costs for unit: Drillson
20:19:48.680 unit has cost modifier of: 1
20:19:48.680 value based cost: 20379
20:19:48.680 Total Drop cost: 20379
20:19:48.680 Calculating Drop Costs for unit: Pegasus
20:19:48.680 unit has cost modifier of: 1
20:19:48.680 value based cost: 7504
20:19:48.680 Total Drop cost: 7504
20:19:48.680 Calculating Drop Costs for unit: Pegasus Missile
20:19:48.680 unit has cost modifier of: 1
20:19:48.680 value based cost: 7447
20:19:48.680 Total Drop cost: 7447
20:19:52.033 Calculating Drop Costs for unit: Rifleman
20:19:52.033 unit has cost modifier of: 1
20:19:52.033 value based cost: 31004
20:19:52.033 Total Drop cost: 31004
20:19:52.033 Calculating Drop Costs for unit: LRM Carrier
20:19:52.033 unit has cost modifier of: 1
20:19:52.033 value based cost: 16109
20:19:52.033 Total Drop cost: 16109
20:19:52.033 Calculating Drop Costs for unit: Manticore
20:19:52.033 unit has cost modifier of: 1
20:19:52.033 value based cost: 17889
20:19:52.033 Total Drop cost: 17889
20:19:52.034 Calculating Drop Costs for unit: Manticore
20:19:52.034 unit has cost modifier of: 1
20:19:52.034 value based cost: 25067
20:19:52.034 Total Drop cost: 25067
20:19:52.034 Calculating Drop Costs for unit: Turhan APC
20:19:52.034 unit has cost modifier of: 1
20:19:52.034 value based cost: 10552
20:19:52.034 Total Drop cost: 10552
20:19:52.034 Calculating Drop Costs for unit: Bulldog AC2
20:19:52.034 unit has cost modifier of: 1
20:19:52.034 value based cost: 11134
20:19:52.034 Total Drop cost: 11134
20:19:52.034 Calculating Drop Costs for unit: Drillson
20:19:52.034 unit has cost modifier of: 1
20:19:52.034 value based cost: 20379
20:19:52.034 Total Drop cost: 20379
20:19:52.034 Calculating Drop Costs for unit: Pegasus
20:19:52.034 unit has cost modifier of: 1
20:19:52.034 value based cost: 7504
20:19:52.034 Total Drop cost: 7504
20:19:52.034 Calculating Drop Costs for unit: Pegasus Missile
20:19:52.034 unit has cost modifier of: 1
20:19:52.034 value based cost: 7447
20:19:52.034 Total Drop cost: 7447
20:19:55.403 Calculating Drop Costs for unit: Rifleman
20:19:55.403 unit has cost modifier of: 1
20:19:55.403 value based cost: 31004
20:19:55.403 Total Drop cost: 31004
20:19:55.403 Calculating Drop Costs for unit: LRM Carrier
20:19:55.403 unit has cost modifier of: 1
20:19:55.403 value based cost: 16109
20:19:55.403 Total Drop cost: 16109
20:19:55.403 Calculating Drop Costs for unit: Manticore
20:19:55.403 unit has cost modifier of: 1
20:19:55.403 value based cost: 17889
20:19:55.403 Total Drop cost: 17889
20:19:55.403 Calculating Drop Costs for unit: Manticore
20:19:55.403 unit has cost modifier of: 1
20:19:55.403 value based cost: 25067
20:19:55.403 Total Drop cost: 25067
20:19:55.403 Calculating Drop Costs for unit: Turhan APC
20:19:55.403 unit has cost modifier of: 1
20:19:55.403 value based cost: 10552
20:19:55.403 Total Drop cost: 10552
20:19:55.403 Calculating Drop Costs for unit: Bulldog AC2
20:19:55.403 unit has cost modifier of: 1
20:19:55.403 value based cost: 11134
20:19:55.403 Total Drop cost: 11134
20:19:55.403 Calculating Drop Costs for unit: Drillson
20:19:55.403 unit has cost modifier of: 1
20:19:55.403 value based cost: 20379
20:19:55.403 Total Drop cost: 20379
20:19:55.403 Calculating Drop Costs for unit: Pegasus
20:19:55.403 unit has cost modifier of: 1
20:19:55.403 value based cost: 7504
20:19:55.403 Total Drop cost: 7504
20:19:55.403 Calculating Drop Costs for unit: Pegasus Missile
20:19:55.403 unit has cost modifier of: 1
20:19:55.403 value based cost: 7447
20:19:55.403 Total Drop cost: 7447
20:19:57.972 Calculating Drop Costs for unit: Rifleman
20:19:57.972 unit has cost modifier of: 1
20:19:57.972 value based cost: 31004
20:19:57.972 Total Drop cost: 31004
20:19:57.972 Calculating Drop Costs for unit: LRM Carrier
20:19:57.972 unit has cost modifier of: 1
20:19:57.972 value based cost: 14459
20:19:57.972 Total Drop cost: 14459
20:19:57.972 Calculating Drop Costs for unit: LRM Carrier
20:19:57.972 unit has cost modifier of: 1
20:19:57.972 value based cost: 16109
20:19:57.972 Total Drop cost: 16109
20:19:57.972 Calculating Drop Costs for unit: Manticore
20:19:57.972 unit has cost modifier of: 1
20:19:57.972 value based cost: 17889
20:19:57.972 Total Drop cost: 17889
20:19:57.972 Calculating Drop Costs for unit: Manticore
20:19:57.972 unit has cost modifier of: 1
20:19:57.972 value based cost: 25067
20:19:57.972 Total Drop cost: 25067
20:19:57.972 Calculating Drop Costs for unit: Turhan APC
20:19:57.972 unit has cost modifier of: 1
20:19:57.972 value based cost: 10552
20:19:57.972 Total Drop cost: 10552
20:19:57.972 Calculating Drop Costs for unit: Bulldog AC2
20:19:57.972 unit has cost modifier of: 1
20:19:57.972 value based cost: 11134
20:19:57.972 Total Drop cost: 11134
20:19:57.972 Calculating Drop Costs for unit: Drillson
20:19:57.972 unit has cost modifier of: 1
20:19:57.972 value based cost: 20379
20:19:57.972 Total Drop cost: 20379
20:19:57.972 Calculating Drop Costs for unit: Pegasus
20:19:57.972 unit has cost modifier of: 1
20:19:57.972 value based cost: 7504
20:19:57.972 Total Drop cost: 7504
20:19:57.972 Calculating Drop Costs for unit: Pegasus Missile
20:19:57.972 unit has cost modifier of: 1
20:19:57.972 value based cost: 7447
20:19:57.972 Total Drop cost: 7447
20:20:02.151 Calculating Drop Costs for unit: Rifleman
20:20:02.151 unit has cost modifier of: 1
20:20:02.151 value based cost: 31004
20:20:02.151 Total Drop cost: 31004
20:20:02.151 Calculating Drop Costs for unit: LRM Carrier
20:20:02.151 unit has cost modifier of: 1
20:20:02.151 value based cost: 16109
20:20:02.151 Total Drop cost: 16109
20:20:02.151 Calculating Drop Costs for unit: Manticore
20:20:02.151 unit has cost modifier of: 1
20:20:02.151 value based cost: 17889
20:20:02.151 Total Drop cost: 17889
20:20:02.151 Calculating Drop Costs for unit: Manticore
20:20:02.151 unit has cost modifier of: 1
20:20:02.151 value based cost: 25067
20:20:02.151 Total Drop cost: 25067
20:20:02.151 Calculating Drop Costs for unit: Turhan APC
20:20:02.151 unit has cost modifier of: 1
20:20:02.151 value based cost: 10552
20:20:02.151 Total Drop cost: 10552
20:20:02.151 Calculating Drop Costs for unit: Bulldog AC2
20:20:02.151 unit has cost modifier of: 1
20:20:02.151 value based cost: 11134
20:20:02.151 Total Drop cost: 11134
20:20:02.151 Calculating Drop Costs for unit: Drillson
20:20:02.151 unit has cost modifier of: 1
20:20:02.151 value based cost: 20379
20:20:02.151 Total Drop cost: 20379
20:20:02.151 Calculating Drop Costs for unit: Pegasus
20:20:02.152 unit has cost modifier of: 1
20:20:02.152 value based cost: 7504
20:20:02.152 Total Drop cost: 7504
20:20:02.152 Calculating Drop Costs for unit: Pegasus Missile
20:20:02.152 unit has cost modifier of: 1
20:20:02.152 value based cost: 7447
20:20:02.152 Total Drop cost: 7447
20:20:02.724 Calculating Drop Costs for unit: Rifleman
20:20:02.724 unit has cost modifier of: 1
20:20:02.724 value based cost: 31004
20:20:02.724 Total Drop cost: 31004
20:20:02.724 Calculating Drop Costs for unit: LRM Carrier
20:20:02.724 unit has cost modifier of: 1
20:20:02.724 value based cost: 14459
20:20:02.724 Total Drop cost: 14459
20:20:02.724 Calculating Drop Costs for unit: LRM Carrier
20:20:02.724 unit has cost modifier of: 1
20:20:02.724 value based cost: 16109
20:20:02.724 Total Drop cost: 16109
20:20:02.724 Calculating Drop Costs for unit: Manticore
20:20:02.724 unit has cost modifier of: 1
20:20:02.724 value based cost: 17889
20:20:02.724 Total Drop cost: 17889
20:20:02.724 Calculating Drop Costs for unit: Manticore
20:20:02.724 unit has cost modifier of: 1
20:20:02.724 value based cost: 25067
20:20:02.724 Total Drop cost: 25067
20:20:02.724 Calculating Drop Costs for unit: Turhan APC
20:20:02.724 unit has cost modifier of: 1
20:20:02.724 value based cost: 10552
20:20:02.724 Total Drop cost: 10552
20:20:02.724 Calculating Drop Costs for unit: Bulldog AC2
20:20:02.724 unit has cost modifier of: 1
20:20:02.724 value based cost: 11134
20:20:02.724 Total Drop cost: 11134
20:20:02.724 Calculating Drop Costs for unit: Drillson
20:20:02.724 unit has cost modifier of: 1
20:20:02.724 value based cost: 20379
20:20:02.724 Total Drop cost: 20379
20:20:02.724 Calculating Drop Costs for unit: Pegasus
20:20:02.724 unit has cost modifier of: 1
20:20:02.724 value based cost: 7504
20:20:02.724 Total Drop cost: 7504
20:20:02.724 Calculating Drop Costs for unit: Pegasus Missile
20:20:02.724 unit has cost modifier of: 1
20:20:02.724 value based cost: 7447
20:20:02.724 Total Drop cost: 7447
20:20:03.084 Calculating Drop Costs for unit: Rifleman
20:20:03.084 unit has cost modifier of: 1
20:20:03.084 value based cost: 31004
20:20:03.084 Total Drop cost: 31004
20:20:03.084 Calculating Drop Costs for unit: LRM Carrier
20:20:03.084 unit has cost modifier of: 1
20:20:03.084 value based cost: 14459
20:20:03.084 Total Drop cost: 14459
20:20:03.084 Calculating Drop Costs for unit: LRM Carrier
20:20:03.084 unit has cost modifier of: 1
20:20:03.084 value based cost: 16109
20:20:03.084 Total Drop cost: 16109
20:20:03.084 Calculating Drop Costs for unit: Manticore
20:20:03.084 unit has cost modifier of: 1
20:20:03.084 value based cost: 17889
20:20:03.084 Total Drop cost: 17889
20:20:03.084 Calculating Drop Costs for unit: Manticore
20:20:03.084 unit has cost modifier of: 1
20:20:03.084 value based cost: 25067
20:20:03.084 Total Drop cost: 25067
20:20:03.084 Calculating Drop Costs for unit: Turhan APC
20:20:03.084 unit has cost modifier of: 1
20:20:03.084 value based cost: 10552
20:20:03.084 Total Drop cost: 10552
20:20:03.084 Calculating Drop Costs for unit: Bulldog AC2
20:20:03.084 unit has cost modifier of: 1
20:20:03.084 value based cost: 11134
20:20:03.084 Total Drop cost: 11134
20:20:03.084 Calculating Drop Costs for unit: Drillson
20:20:03.084 unit has cost modifier of: 1
20:20:03.084 value based cost: 20379
20:20:03.084 Total Drop cost: 20379
20:20:03.084 Calculating Drop Costs for unit: Pegasus
20:20:03.084 unit has cost modifier of: 1
20:20:03.084 value based cost: 7504
20:20:03.084 Total Drop cost: 7504
20:20:03.084 Calculating Drop Costs for unit: Pegasus Missile
20:20:03.084 unit has cost modifier of: 1
20:20:03.085 value based cost: 7447
20:20:03.085 Total Drop cost: 7447
20:20:09.434 Calculating Drop Costs for unit: Rifleman
20:20:09.434 unit has cost modifier of: 1
20:20:09.434 value based cost: 31004
20:20:09.434 Total Drop cost: 31004
20:20:09.434 Calculating Drop Costs for unit: LRM Carrier
20:20:09.434 unit has cost modifier of: 1
20:20:09.434 value based cost: 14459
20:20:09.434 Total Drop cost: 14459
20:20:09.434 Calculating Drop Costs for unit: LRM Carrier
20:20:09.434 unit has cost modifier of: 1
20:20:09.434 value based cost: 16109
20:20:09.434 Total Drop cost: 16109
20:20:09.434 Calculating Drop Costs for unit: Manticore
20:20:09.434 unit has cost modifier of: 1
20:20:09.434 value based cost: 17889
20:20:09.434 Total Drop cost: 17889
20:20:09.434 Calculating Drop Costs for unit: Manticore
20:20:09.434 unit has cost modifier of: 1
20:20:09.434 value based cost: 25067
20:20:09.434 Total Drop cost: 25067
20:20:09.434 Calculating Drop Costs for unit: Turhan APC
20:20:09.434 unit has cost modifier of: 1
20:20:09.434 value based cost: 10552
20:20:09.434 Total Drop cost: 10552
20:20:09.434 Calculating Drop Costs for unit: Bulldog AC2
20:20:09.434 unit has cost modifier of: 1
20:20:09.434 value based cost: 11134
20:20:09.434 Total Drop cost: 11134
20:20:09.434 Calculating Drop Costs for unit: Drillson
20:20:09.434 unit has cost modifier of: 1
20:20:09.434 value based cost: 20379
20:20:09.434 Total Drop cost: 20379
20:20:09.434 Calculating Drop Costs for unit: Pegasus
20:20:09.434 unit has cost modifier of: 1
20:20:09.434 value based cost: 7504
20:20:09.434 Total Drop cost: 7504
20:20:09.434 Calculating Drop Costs for unit: Pegasus Missile
20:20:09.434 unit has cost modifier of: 1
20:20:09.434 value based cost: 7447
20:20:09.434 Total Drop cost: 7447
20:20:18.303 Calculating Drop Costs for unit: Rifleman
20:20:18.303 unit has cost modifier of: 1
20:20:18.303 value based cost: 31004
20:20:18.303 Total Drop cost: 31004
20:20:18.303 Calculating Drop Costs for unit: LRM Carrier
20:20:18.303 unit has cost modifier of: 1
20:20:18.303 value based cost: 14459
20:20:18.303 Total Drop cost: 14459
20:20:18.303 Calculating Drop Costs for unit: LRM Carrier
20:20:18.303 unit has cost modifier of: 1
20:20:18.303 value based cost: 16109
20:20:18.303 Total Drop cost: 16109
20:20:18.303 Calculating Drop Costs for unit: Manticore
20:20:18.303 unit has cost modifier of: 1
20:20:18.303 value based cost: 17889
20:20:18.303 Total Drop cost: 17889
20:20:18.303 Calculating Drop Costs for unit: Manticore
20:20:18.303 unit has cost modifier of: 1
20:20:18.303 value based cost: 25067
20:20:18.303 Total Drop cost: 25067
20:20:18.303 Calculating Drop Costs for unit: Turhan APC
20:20:18.303 unit has cost modifier of: 1
20:20:18.303 value based cost: 10552
20:20:18.303 Total Drop cost: 10552
20:20:18.303 Calculating Drop Costs for unit: Bulldog AC2
20:20:18.303 unit has cost modifier of: 1
20:20:18.303 value based cost: 11134
20:20:18.303 Total Drop cost: 11134
20:20:18.303 Calculating Drop Costs for unit: Drillson
20:20:18.303 unit has cost modifier of: 1
20:20:18.303 value based cost: 20379
20:20:18.303 Total Drop cost: 20379
20:20:18.303 Calculating Drop Costs for unit: Pegasus
20:20:18.303 unit has cost modifier of: 1
20:20:18.303 value based cost: 7504
20:20:18.303 Total Drop cost: 7504
20:20:18.303 Calculating Drop Costs for unit: Pegasus Missile
20:20:18.303 unit has cost modifier of: 1
20:20:18.303 value based cost: 7447
20:20:18.303 Total Drop cost: 7447
20:20:20.891 Calculating Drop Costs for unit: Rifleman
20:20:20.891 unit has cost modifier of: 1
20:20:20.891 value based cost: 31004
20:20:20.891 Total Drop cost: 31004
20:20:20.891 Calculating Drop Costs for unit: LRM Carrier
20:20:20.891 unit has cost modifier of: 1
20:20:20.891 value based cost: 17759
20:20:20.891 Total Drop cost: 17759
20:20:20.891 Calculating Drop Costs for unit: LRM Carrier
20:20:20.891 unit has cost modifier of: 1
20:20:20.891 value based cost: 14459
20:20:20.891 Total Drop cost: 14459
20:20:20.891 Calculating Drop Costs for unit: LRM Carrier
20:20:20.891 unit has cost modifier of: 1
20:20:20.891 value based cost: 16109
20:20:20.891 Total Drop cost: 16109
20:20:20.891 Calculating Drop Costs for unit: Manticore
20:20:20.891 unit has cost modifier of: 1
20:20:20.891 value based cost: 17889
20:20:20.891 Total Drop cost: 17889
20:20:20.891 Calculating Drop Costs for unit: Manticore
20:20:20.891 unit has cost modifier of: 1
20:20:20.891 value based cost: 25067
20:20:20.891 Total Drop cost: 25067
20:20:20.891 Calculating Drop Costs for unit: Turhan APC
20:20:20.891 unit has cost modifier of: 1
20:20:20.891 value based cost: 10552
20:20:20.891 Total Drop cost: 10552
20:20:20.891 Calculating Drop Costs for unit: Bulldog AC2
20:20:20.891 unit has cost modifier of: 1
20:20:20.891 value based cost: 11134
20:20:20.891 Total Drop cost: 11134
20:20:20.891 Calculating Drop Costs for unit: Drillson
20:20:20.891 unit has cost modifier of: 1
20:20:20.891 value based cost: 20379
20:20:20.891 Total Drop cost: 20379
20:20:20.891 Calculating Drop Costs for unit: Pegasus
20:20:20.891 unit has cost modifier of: 1
20:20:20.891 value based cost: 7504
20:20:20.891 Total Drop cost: 7504
20:20:20.891 Calculating Drop Costs for unit: Pegasus Missile
20:20:20.891 unit has cost modifier of: 1
20:20:20.891 value based cost: 7447
20:20:20.891 Total Drop cost: 7447
20:20:28.146 Calculating Drop Costs for unit: Rifleman
20:20:28.146 unit has cost modifier of: 1
20:20:28.146 value based cost: 31004
20:20:28.146 Total Drop cost: 31004
20:20:28.146 Calculating Drop Costs for unit: LRM Carrier
20:20:28.146 unit has cost modifier of: 1
20:20:28.146 value based cost: 17759
20:20:28.146 Total Drop cost: 17759
20:20:28.146 Calculating Drop Costs for unit: LRM Carrier
20:20:28.146 unit has cost modifier of: 1
20:20:28.146 value based cost: 14459
20:20:28.146 Total Drop cost: 14459
20:20:28.146 Calculating Drop Costs for unit: LRM Carrier
20:20:28.146 unit has cost modifier of: 1
20:20:28.146 value based cost: 16109
20:20:28.146 Total Drop cost: 16109
20:20:28.146 Calculating Drop Costs for unit: Manticore
20:20:28.146 unit has cost modifier of: 1
20:20:28.146 value based cost: 17889
20:20:28.146 Total Drop cost: 17889
20:20:28.146 Calculating Drop Costs for unit: Manticore
20:20:28.146 unit has cost modifier of: 1
20:20:28.146 value based cost: 25067
20:20:28.146 Total Drop cost: 25067
20:20:28.146 Calculating Drop Costs for unit: Turhan APC
20:20:28.146 unit has cost modifier of: 1
20:20:28.146 value based cost: 10552
20:20:28.146 Total Drop cost: 10552
20:20:28.146 Calculating Drop Costs for unit: Drillson
20:20:28.146 unit has cost modifier of: 1
20:20:28.146 value based cost: 20379
20:20:28.146 Total Drop cost: 20379
20:20:28.146 Calculating Drop Costs for unit: Pegasus
20:20:28.146 unit has cost modifier of: 1
20:20:28.146 value based cost: 7504
20:20:28.146 Total Drop cost: 7504
20:20:28.146 Calculating Drop Costs for unit: Pegasus Missile
20:20:28.146 unit has cost modifier of: 1
20:20:28.146 value based cost: 7447
20:20:28.146 Total Drop cost: 7447
20:20:31.104 Calculating Drop Costs for unit: Rifleman
20:20:31.104 unit has cost modifier of: 1
20:20:31.104 value based cost: 31004
20:20:31.104 Total Drop cost: 31004
20:20:31.104 Calculating Drop Costs for unit: LRM Carrier
20:20:31.104 unit has cost modifier of: 1
20:20:31.104 value based cost: 17759
20:20:31.104 Total Drop cost: 17759
20:20:31.104 Calculating Drop Costs for unit: LRM Carrier
20:20:31.104 unit has cost modifier of: 1
20:20:31.104 value based cost: 14459
20:20:31.104 Total Drop cost: 14459
20:20:31.104 Calculating Drop Costs for unit: LRM Carrier
20:20:31.104 unit has cost modifier of: 1
20:20:31.104 value based cost: 16109
20:20:31.104 Total Drop cost: 16109
20:20:31.104 Calculating Drop Costs for unit: Manticore
20:20:31.104 unit has cost modifier of: 1
20:20:31.104 value based cost: 17889
20:20:31.104 Total Drop cost: 17889
20:20:31.104 Calculating Drop Costs for unit: Manticore
20:20:31.104 unit has cost modifier of: 1
20:20:31.104 value based cost: 25067
20:20:31.104 Total Drop cost: 25067
20:20:31.104 Calculating Drop Costs for unit: Turhan APC
20:20:31.104 unit has cost modifier of: 1
20:20:31.104 value based cost: 10552
20:20:31.104 Total Drop cost: 10552
20:20:31.104 Calculating Drop Costs for unit: Striker
20:20:31.104 unit has cost modifier of: 1
20:20:31.104 value based cost: 5302
20:20:31.104 Total Drop cost: 5302
20:20:31.104 Calculating Drop Costs for unit: Drillson
20:20:31.104 unit has cost modifier of: 1
20:20:31.104 value based cost: 20379
20:20:31.104 Total Drop cost: 20379
20:20:31.104 Calculating Drop Costs for unit: Pegasus
20:20:31.104 unit has cost modifier of: 1
20:20:31.104 value based cost: 7504
20:20:31.104 Total Drop cost: 7504
20:20:31.104 Calculating Drop Costs for unit: Pegasus Missile
20:20:31.104 unit has cost modifier of: 1
20:20:31.104 value based cost: 7447
20:20:31.104 Total Drop cost: 7447
20:20:45.011 Calculating Drop Costs for unit: Rifleman
20:20:45.011 unit has cost modifier of: 1
20:20:45.011 value based cost: 31004
20:20:45.011 Total Drop cost: 31004
20:20:45.011 Calculating Drop Costs for unit: LRM Carrier
20:20:45.011 unit has cost modifier of: 1
20:20:45.011 value based cost: 17759
20:20:45.011 Total Drop cost: 17759
20:20:45.011 Calculating Drop Costs for unit: LRM Carrier
20:20:45.011 unit has cost modifier of: 1
20:20:45.011 value based cost: 14459
20:20:45.011 Total Drop cost: 14459
20:20:45.011 Calculating Drop Costs for unit: LRM Carrier
20:20:45.011 unit has cost modifier of: 1
20:20:45.011 value based cost: 16109
20:20:45.011 Total Drop cost: 16109
20:20:45.011 Calculating Drop Costs for unit: Manticore
20:20:45.011 unit has cost modifier of: 1
20:20:45.011 value based cost: 17889
20:20:45.011 Total Drop cost: 17889
20:20:45.011 Calculating Drop Costs for unit: Manticore
20:20:45.011 unit has cost modifier of: 1
20:20:45.011 value based cost: 25067
20:20:45.011 Total Drop cost: 25067
20:20:45.011 Calculating Drop Costs for unit: Turhan APC
20:20:45.011 unit has cost modifier of: 1
20:20:45.011 value based cost: 10552
20:20:45.011 Total Drop cost: 10552
20:20:45.011 Calculating Drop Costs for unit: Striker
20:20:45.011 unit has cost modifier of: 1
20:20:45.011 value based cost: 5302
20:20:45.011 Total Drop cost: 5302
20:20:45.011 Calculating Drop Costs for unit: Pegasus
20:20:45.011 unit has cost modifier of: 1
20:20:45.011 value based cost: 7504
20:20:45.011 Total Drop cost: 7504
20:20:45.011 Calculating Drop Costs for unit: Pegasus Missile
20:20:45.011 unit has cost modifier of: 1
20:20:45.011 value based cost: 7447
20:20:45.011 Total Drop cost: 7447
20:20:48.631 Calculating Drop Costs for unit: Rifleman
20:20:48.631 unit has cost modifier of: 1
20:20:48.631 value based cost: 31004
20:20:48.631 Total Drop cost: 31004
20:20:48.631 Calculating Drop Costs for unit: LRM Carrier
20:20:48.631 unit has cost modifier of: 1
20:20:48.631 value based cost: 17759
20:20:48.631 Total Drop cost: 17759
20:20:48.631 Calculating Drop Costs for unit: LRM Carrier
20:20:48.631 unit has cost modifier of: 1
20:20:48.631 value based cost: 14459
20:20:48.631 Total Drop cost: 14459
20:20:48.631 Calculating Drop Costs for unit: LRM Carrier
20:20:48.631 unit has cost modifier of: 1
20:20:48.631 value based cost: 16109
20:20:48.631 Total Drop cost: 16109
20:20:48.631 Calculating Drop Costs for unit: Manticore
20:20:48.631 unit has cost modifier of: 1
20:20:48.631 value based cost: 17889
20:20:48.631 Total Drop cost: 17889
20:20:48.631 Calculating Drop Costs for unit: Manticore
20:20:48.631 unit has cost modifier of: 1
20:20:48.631 value based cost: 25067
20:20:48.631 Total Drop cost: 25067
20:20:48.631 Calculating Drop Costs for unit: Turhan APC
20:20:48.631 unit has cost modifier of: 1
20:20:48.631 value based cost: 10552
20:20:48.631 Total Drop cost: 10552
20:20:48.631 Calculating Drop Costs for unit: Striker
20:20:48.631 unit has cost modifier of: 1
20:20:48.631 value based cost: 5302
20:20:48.631 Total Drop cost: 5302
20:20:48.631 Calculating Drop Costs for unit: Scorpion
20:20:48.631 unit has cost modifier of: 1
20:20:48.631 value based cost: 6494
20:20:48.631 Total Drop cost: 6494
20:20:48.631 Calculating Drop Costs for unit: Pegasus
20:20:48.631 unit has cost modifier of: 1
20:20:48.631 value based cost: 7504
20:20:48.631 Total Drop cost: 7504
20:20:48.631 Calculating Drop Costs for unit: Pegasus Missile
20:20:48.631 unit has cost modifier of: 1
20:20:48.631 value based cost: 7447
20:20:48.631 Total Drop cost: 7447
20:21:01.553 Calculating Drop Costs for unit: Rifleman
20:21:01.553 unit has cost modifier of: 1
20:21:01.553 value based cost: 31004
20:21:01.553 Total Drop cost: 31004
20:21:01.553 Calculating Drop Costs for unit: LRM Carrier
20:21:01.553 unit has cost modifier of: 1
20:21:01.553 value based cost: 17759
20:21:01.553 Total Drop cost: 17759
20:21:01.553 Calculating Drop Costs for unit: LRM Carrier
20:21:01.553 unit has cost modifier of: 1
20:21:01.553 value based cost: 14459
20:21:01.553 Total Drop cost: 14459
20:21:01.553 Calculating Drop Costs for unit: LRM Carrier
20:21:01.553 unit has cost modifier of: 1
20:21:01.553 value based cost: 16109
20:21:01.553 Total Drop cost: 16109
20:21:01.553 Calculating Drop Costs for unit: Manticore
20:21:01.553 unit has cost modifier of: 1
20:21:01.553 value based cost: 17889
20:21:01.553 Total Drop cost: 17889
20:21:01.553 Calculating Drop Costs for unit: Manticore
20:21:01.553 unit has cost modifier of: 1
20:21:01.553 value based cost: 25067
20:21:01.553 Total Drop cost: 25067
20:21:01.553 Calculating Drop Costs for unit: Bulldog AC2
20:21:01.553 unit has cost modifier of: 1
20:21:01.553 value based cost: 11134
20:21:01.553 Total Drop cost: 11134
20:21:01.553 Calculating Drop Costs for unit: Striker
20:21:01.553 unit has cost modifier of: 1
20:21:01.553 value based cost: 5302
20:21:01.553 Total Drop cost: 5302
20:21:01.553 Calculating Drop Costs for unit: Scorpion
20:21:01.553 unit has cost modifier of: 1
20:21:01.553 value based cost: 6494
20:21:01.553 Total Drop cost: 6494
20:21:01.553 Calculating Drop Costs for unit: Pegasus
20:21:01.553 unit has cost modifier of: 1
20:21:01.553 value based cost: 7504
20:21:01.553 Total Drop cost: 7504
20:21:01.553 Calculating Drop Costs for unit: Pegasus Missile
20:21:01.553 unit has cost modifier of: 1
20:21:01.553 value based cost: 7447
20:21:01.553 Total Drop cost: 7447
